<?xml version="1.0" encoding="UTF-8"?>
<testng-results ignored="0" total="1" passed="1" failed="0" skipped="0">
  <reporter-output>
  </reporter-output>
  <suite started-at="2026-03-12T18:59:01 IST" name="Default suite" finished-at="2026-03-12T18:59:39 IST" duration-ms="38220">
    <groups>
    </groups>
    <test started-at="2026-03-12T18:59:01 IST" name="Default test" finished-at="2026-03-12T18:59:39 IST" duration-ms="38220">
      <class name="tests.DescendingorderTest">
        <test-method is-config="true" signature="setup()[pri:0, instance:tests.DescendingorderTest@618b19ad]" started-at="2026-03-12T18:59:01 IST" name="setup" finished-at="2026-03-12T18:59:15 IST" duration-ms="13941" status="PASS">
          <reporter-output>
          </reporter-output>
        </test-method> <!-- setup -->
        <test-method is-config="true" signature="initilize()[pri:0, instance:tests.DescendingorderTest@618b19ad]" started-at="2026-03-12T18:59:15 IST" name="initilize" finished-at="2026-03-12T18:59:16 IST" duration-ms="180" status="PASS">
          <reporter-output>
          </reporter-output>
        </test-method> <!-- initilize -->
        <test-method signature="dscorder()[pri:0, instance:tests.DescendingorderTest@618b19ad]" started-at="2026-03-12T18:59:16 IST" name="dscorder" finished-at="2026-03-12T18:59:38 IST" duration-ms="22779" status="PASS">
          <reporter-output>
          </reporter-output>
        </test-method> <!-- dscorder -->
        <test-method is-config="true" signature="tearDown()[pri:0, instance:tests.DescendingorderTest@618b19ad]" started-at="2026-03-12T18:59:38 IST" name="tearDown" finished-at="2026-03-12T18:59:39 IST" duration-ms="1118" status="PASS">
          <reporter-output>
          </reporter-output>
        </test-method> <!-- tearDown -->
      </class> <!-- tests.DescendingorderTest -->
    </test> <!-- Default test -->
  </suite> <!-- Default suite -->
</testng-results>
